2019-05-17 11:51:33 INFO  App:25 - Hello World!
2019-05-17 11:51:33 INFO  App:28 - Message d'information
2019-05-17 11:54:41 INFO  App:25 - Hello World!
2019-05-17 11:54:41 INFO  App:28 - Message d'information
2019-05-17 11:55:32 INFO  App:25 - Hello World!
2019-05-17 11:55:32 INFO  App:28 - Message d'information
2019-05-17 12:03:00 INFO  App:25 - Hello World!
2019-05-17 12:03:00 INFO  App:28 - Message d'information
2019-05-17 12:17:58 INFO  Driver:23 - Hello World!
2019-05-17 12:17:58 INFO  Driver:26 - Message d'information
2019-05-17 12:20:59 INFO  Driver:23 - Hello World!
2019-05-17 12:20:59 INFO  Driver:26 - Message d'information
2019-05-17 12:25:22 INFO  Driver:23 - Hello World!
2019-05-17 12:25:22 INFO  Driver:26 - Message d'information
2019-05-17 15:34:58 INFO  Driver:23 - Hello World!
2019-05-17 15:35:10 INFO  Driver:38 - Message d'information
2019-05-17 15:40:31 INFO  Driver:23 - Démarrage
2019-05-17 15:40:40 INFO  Driver:38 - Message d'information
2019-05-17 15:41:42 INFO  Driver:23 - Start
2019-05-17 15:41:50 INFO  Driver:38 - Stop
